<?xml version="1.0" encoding="utf-8"?><testsuites name="pytest tests"><testsuite name="pytest" errors="0" failures="0" skipped="0" tests="15" time="4.593" timestamp="2026-03-11T01:15:57.575514+00:00" hostname="agent-env-a48a84e5-1d2b-4ca7-a417-b1bfbbd7e7f0"><testcase classname="backend.tests.test_social_proof.TestPublicPlatformStats" name="test_platform_stats_no_auth_required" time="0.192" /><testcase classname="backend.tests.test_social_proof.TestPublicPlatformStats" name="test_platform_stats_returns_stats_when_enabled" time="0.589" /><testcase classname="backend.tests.test_social_proof.TestPublicPlatformStats" name="test_platform_stats_returns_empty_when_disabled" time="0.422" /><testcase classname="backend.tests.test_social_proof.TestAdminSiteSettings" name="test_get_settings_requires_auth" time="0.189" /><testcase classname="backend.tests.test_social_proof.TestAdminSiteSettings" name="test_get_settings_with_admin_auth" time="0.162" /><testcase classname="backend.tests.test_social_proof.TestAdminSiteSettings" name="test_toggle_social_proof_on" time="0.109" /><testcase classname="backend.tests.test_social_proof.TestAdminSiteSettings" name="test_toggle_social_proof_off" time="0.256" /><testcase classname="backend.tests.test_social_proof.TestAdminSiteSettings" name="test_update_settings_requires_auth" time="0.111" /><testcase classname="backend.tests.test_social_proof.TestAdminTestimonials" name="test_add_testimonial_requires_auth" time="0.154" /><testcase classname="backend.tests.test_social_proof.TestAdminTestimonials" name="test_add_testimonial" time="0.272" /><testcase classname="backend.tests.test_social_proof.TestAdminTestimonials" name="test_add_and_verify_testimonial_persistence" time="0.327" /><testcase classname="backend.tests.test_social_proof.TestAdminTestimonials" name="test_delete_testimonial_requires_auth" time="0.108" /><testcase classname="backend.tests.test_social_proof.TestAdminTestimonials" name="test_delete_testimonial" time="0.358" /><testcase classname="backend.tests.test_social_proof.TestAdminTestimonials" name="test_testimonials_appear_in_public_stats" time="0.511" /><testcase classname="backend.tests.test_social_proof.TestIntegration" name="test_full_toggle_flow" time="0.763" /></testsuite></testsuites>