<?xml version="1.0" encoding="utf-8"?><testsuites name="pytest tests"><testsuite name="pytest" errors="0" failures="0" skipped="0" tests="21" time="1.598" timestamp="2026-04-08T23:15:11.409248+00:00" hostname="agent-env-be5ea975-2bc6-450f-a6a2-7dc40717064a"><testcase classname="backend.tests.test_pet_features.TestPetMood" name="test_mood_endpoint_returns_200" time="0.490" /><testcase classname="backend.tests.test_pet_features.TestPetMood" name="test_mood_has_pet_flag" time="0.046" /><testcase classname="backend.tests.test_pet_features.TestPetMood" name="test_mood_returns_pet_data_when_has_pet" time="0.051" /><testcase classname="backend.tests.test_pet_features.TestCompanions" name="test_companions_endpoint_returns_200" time="0.054" /><testcase classname="backend.tests.test_pet_features.TestCompanions" name="test_companions_response_structure" time="0.050" /><testcase classname="backend.tests.test_pet_features.TestCompanions" name="test_companions_array_structure" time="0.052" /><testcase classname="backend.tests.test_pet_features.TestCompanions" name="test_companions_progress_tracking" time="0.048" /><testcase classname="backend.tests.test_pet_features.TestPetCodex" name="test_codex_endpoint_returns_200" time="0.048" /><testcase classname="backend.tests.test_pet_features.TestPetCodex" name="test_codex_response_structure" time="0.048" /><testcase classname="backend.tests.test_pet_features.TestPetCodex" name="test_codex_completion_percentage" time="0.049" /><testcase classname="backend.tests.test_pet_features.TestPetCodex" name="test_codex_pet_items_structure" time="0.056" /><testcase classname="backend.tests.test_pet_features.TestExpeditionReward" name="test_expedition_reward_endpoint_returns_200" time="0.060" /><testcase classname="backend.tests.test_pet_features.TestExpeditionReward" name="test_expedition_reward_response_structure" time="0.052" /><testcase classname="backend.tests.test_pet_features.TestSouvenirs" name="test_souvenirs_endpoint_returns_200" time="0.050" /><testcase classname="backend.tests.test_pet_features.TestSouvenirs" name="test_souvenirs_response_structure" time="0.047" /><testcase classname="backend.tests.test_pet_features.TestSouvenirs" name="test_souvenirs_item_structure" time="0.045" /><testcase classname="backend.tests.test_pet_features.TestCompanionActivation" name="test_activate_unlocked_companion" time="0.047" /><testcase classname="backend.tests.test_pet_features.TestCompanionActivation" name="test_deactivate_companion" time="0.045" /><testcase classname="backend.tests.test_pet_features.TestCompanionActivation" name="test_activate_locked_companion_fails" time="0.101" /><testcase classname="backend.tests.test_pet_features.TestMyPetEndpoint" name="test_my_pet_returns_200" time="0.046" /><testcase classname="backend.tests.test_pet_features.TestMyPetEndpoint" name="test_my_pet_has_pet_data" time="0.050" /></testsuite></testsuites>