<?xml version="1.0" encoding="utf-8"?><testsuites name="pytest tests"><testsuite name="pytest" errors="0" failures="0" skipped="0" tests="20" time="6.241" timestamp="2026-03-05T14:51:10.034364+00:00" hostname="agent-env-5361895e-2486-498c-a5f8-aacd8aa8bdd1"><testcase classname="backend.tests.test_challenges.TestChallengesAPI" name="test_get_all_challenges_returns_200" time="0.727" /><testcase classname="backend.tests.test_challenges.TestChallengesAPI" name="test_get_challenges_has_required_fields" time="0.162" /><testcase classname="backend.tests.test_challenges.TestChallengesAPI" name="test_get_challenges_filter_by_status" time="0.136" /><testcase classname="backend.tests.test_challenges.TestChallengesAPI" name="test_get_challenges_filter_by_type" time="0.247" /><testcase classname="backend.tests.test_challenges.TestChallengesAPI" name="test_get_challenges_without_auth_returns_401" time="0.101" /><testcase classname="backend.tests.test_challenges.TestChallengesAPI" name="test_get_my_challenges_returns_200" time="0.131" /><testcase classname="backend.tests.test_challenges.TestChallengesAPI" name="test_get_my_challenges_all_have_is_participating_true" time="0.130" /><testcase classname="backend.tests.test_challenges.TestChallengesAPI" name="test_join_challenge_success" time="0.235" /><testcase classname="backend.tests.test_challenges.TestChallengesAPI" name="test_join_challenge_already_joined_returns_400" time="0.111" /><testcase classname="backend.tests.test_challenges.TestChallengesAPI" name="test_join_nonexistent_challenge_returns_404" time="0.176" /><testcase classname="backend.tests.test_challenges.TestChallengesAPI" name="test_get_leaderboard_returns_200" time="0.150" /><testcase classname="backend.tests.test_challenges.TestChallengesAPI" name="test_leaderboard_has_correct_participant_fields" time="0.120" /><testcase classname="backend.tests.test_challenges.TestChallengesAPI" name="test_leaderboard_user_rank_when_participating" time="0.125" /><testcase classname="backend.tests.test_challenges.TestChallengesAPI" name="test_leaderboard_nonexistent_challenge_returns_404" time="0.116" /><testcase classname="backend.tests.test_challenges.TestChallengesAPI" name="test_leave_challenge_success" time="0.236" /><testcase classname="backend.tests.test_challenges.TestChallengesAPI" name="test_leave_challenge_not_participating_returns_400" time="0.307" /><testcase classname="backend.tests.test_challenges.TestChallengesAPI" name="test_leave_nonexistent_challenge_returns_404" time="0.121" /><testcase classname="backend.tests.test_challenges.TestChallengeScoreCalculation" name="test_score_updates_after_joining" time="1.246" /><testcase classname="backend.tests.test_challenges.TestChallengeDataIntegrity" name="test_participant_count_increases_on_join" time="0.997" /><testcase classname="backend.tests.test_challenges.TestChallengeDataIntegrity" name="test_participant_count_decreases_on_leave" time="0.584" /></testsuite></testsuites>