<?xml version="1.0" encoding="utf-8"?><testsuites name="pytest tests"><testsuite name="pytest" errors="0" failures="11" skipped="0" tests="47" time="13.417" timestamp="2026-03-05T14:26:21.913163+00:00" hostname="agent-env-5361895e-2486-498c-a5f8-aacd8aa8bdd1"><testcase classname="backend.tests.test_new_features.TestSessionHistory" name="test_get_session_history_empty" time="0.590" /><testcase classname="backend.tests.test_new_features.TestSessionHistory" name="test_get_session_history_with_sessions" time="0.343" /><testcase classname="backend.tests.test_new_features.TestSessionHistory" name="test_get_session_history_with_days_param" time="0.121" /><testcase classname="backend.tests.test_new_features.TestSessionNotes" name="test_create_session_with_note" time="0.570"><failure message="AssertionError: assert 'id' in {'new_badges': [{'category': 'milestone', 'description': 'Log your first session', 'earned_at': '2026-03-05T14:26:23.574282+00:00', 'icon': '#x1F3C6', ...}], 'session': {'date': '2026-03-05', 'id': '60667095-79fb-4c16-b53e-00e63c5a6dc6', 'minutes_spent': 45, 'note': 'Great workout today! Focused on cardio.', ...}}">backend/tests/test_new_features.py:155: in test_create_session_with_note
    assert "id" in data
E   AssertionError: assert 'id' in {'new_badges': [{'category': 'milestone', 'description': 'Log your first session', 'earned_at': '2026-03-05T14:26:23.574282+00:00', 'icon': '#x1F3C6', ...}], 'session': {'date': '2026-03-05', 'id': '60667095-79fb-4c16-b53e-00e63c5a6dc6', 'minutes_spent': 45, 'note': 'Great workout today! Focused on cardio.', ...}}</failure></testcase><testcase classname="backend.tests.test_new_features.TestSessionNotes" name="test_create_session_without_note" time="0.109"><failure message="KeyError: 'note'">backend/tests/test_new_features.py:177: in test_create_session_without_note
    assert data["note"] is None
           ^^^^^^^^^^^^
E   KeyError: 'note'</failure></testcase><testcase classname="backend.tests.test_new_features.TestSessionNotes" name="test_verify_note_in_today_sessions" time="0.145"><failure message="KeyError: 'session_with_note_id'">backend/tests/test_new_features.py:192: in test_verify_note_in_today_sessions
    session_with_note = next(
backend/tests/test_new_features.py:193: in &lt;genexpr&gt;
    (s for s in data if s["id"] == authenticated_user["session_with_note_id"]),
                                   ^^^^^^^^^^^^^^^^^^^^^^^^^^^^^^^^^^^^^^^^^^
E   KeyError: 'session_with_note_id'</failure></testcase><testcase classname="backend.tests.test_new_features.TestSessionNotes" name="test_edit_session_add_note" time="0.000"><failure message="KeyError: 'session_without_note_id'">backend/tests/test_new_features.py:203: in test_edit_session_add_note
    "session_id": authenticated_user["session_without_note_id"],
                  ^^^^^^^^^^^^^^^^^^^^^^^^^^^^^^^^^^^^^^^^^^^^^
E   KeyError: 'session_without_note_id'</failure></testcase><testcase classname="backend.tests.test_new_features.TestSessionNotes" name="test_edit_session_update_note" time="0.000"><failure message="KeyError: 'session_with_note_id'">backend/tests/test_new_features.py:232: in test_edit_session_update_note
    "session_id": authenticated_user["session_with_note_id"],
                  ^^^^^^^^^^^^^^^^^^^^^^^^^^^^^^^^^^^^^^^^^^
E   KeyError: 'session_with_note_id'</failure></testcase><testcase classname="backend.tests.test_new_features.TestSessionNotes" name="test_edit_session_remove_note" time="0.000"><failure message="KeyError: 'session_with_note_id'">backend/tests/test_new_features.py:261: in test_edit_session_remove_note
    "session_id": authenticated_user["session_with_note_id"],
                  ^^^^^^^^^^^^^^^^^^^^^^^^^^^^^^^^^^^^^^^^^^
E   KeyError: 'session_with_note_id'</failure></testcase><testcase classname="backend.tests.test_new_features.TestSessionNotes" name="test_note_in_history" time="0.111" /><testcase classname="backend.tests.test_new_features.TestNotificationSettings" name="test_get_notification_settings_default" time="0.554" /><testcase classname="backend.tests.test_new_features.TestNotificationSettings" name="test_update_notification_settings_disable_streak" time="0.234" /><testcase classname="backend.tests.test_new_features.TestNotificationSettings" name="test_update_notification_settings_disable_weekly" time="0.226" /><testcase classname="backend.tests.test_new_features.TestNotificationSettings" name="test_update_notification_settings_enable_all" time="0.239" /><testcase classname="backend.tests.test_new_features.TestNotificationSettings" name="test_send_streak_reminder_endpoint" time="0.379" /><testcase classname="backend.tests.test_new_features.TestNotificationSettings" name="test_send_weekly_summary_endpoint" time="0.345" /><testcase classname="backend.tests.test_sessions_crud.TestHealthAndAuth" name="test_pillars_endpoint" time="0.113" /><testcase classname="backend.tests.test_sessions_crud.TestHealthAndAuth" name="test_register_new_user" time="0.332" /><testcase classname="backend.tests.test_sessions_crud.TestHealthAndAuth" name="test_login_user" time="0.315" /><testcase classname="backend.tests.test_sessions_crud.TestHealthAndAuth" name="test_get_current_user" time="0.104" /><testcase classname="backend.tests.test_sessions_crud.TestOnboardingAndSessions" name="test_complete_onboarding" time="0.472" /><testcase classname="backend.tests.test_sessions_crud.TestOnboardingAndSessions" name="test_get_user_pillars" time="0.129" /><testcase classname="backend.tests.test_sessions_crud.TestOnboardingAndSessions" name="test_create_session" time="0.117"><failure message="AssertionError: assert 'id' in {'new_badges': [{'category': 'milestone', 'description': 'Log your first session', 'earned_at': '2026-03-05T14:26:27.559421+00:00', 'icon': '#x1F3C6', ...}], 'session': {'date': '2026-03-05', 'id': '7a5b0ac1-16ca-4f6e-a0ad-8a8a03e377c8', 'minutes_spent': 45, 'note': None, ...}}">backend/tests/test_sessions_crud.py:142: in test_create_session
    assert "id" in data
E   AssertionError: assert 'id' in {'new_badges': [{'category': 'milestone', 'description': 'Log your first session', 'earned_at': '2026-03-05T14:26:27.559421+00:00', 'icon': '#x1F3C6', ...}], 'session': {'date': '2026-03-05', 'id': '7a5b0ac1-16ca-4f6e-a0ad-8a8a03e377c8', 'minutes_spent': 45, 'note': None, ...}}</failure></testcase><testcase classname="backend.tests.test_sessions_crud.TestOnboardingAndSessions" name="test_get_today_sessions" time="0.115"><failure message="KeyError: 'session_id'">backend/tests/test_sessions_crud.py:162: in test_get_today_sessions
    assert authenticated_user["session_id"] in session_ids
           ^^^^^^^^^^^^^^^^^^^^^^^^^^^^^^^^
E   KeyError: 'session_id'</failure></testcase><testcase classname="backend.tests.test_sessions_crud.TestOnboardingAndSessions" name="test_edit_session" time="0.000"><failure message="KeyError: 'session_id'">backend/tests/test_sessions_crud.py:168: in test_edit_session
    "session_id": authenticated_user["session_id"],
                  ^^^^^^^^^^^^^^^^^^^^^^^^^^^^^^^^
E   KeyError: 'session_id'</failure></testcase><testcase classname="backend.tests.test_sessions_crud.TestOnboardingAndSessions" name="test_edit_session_minutes_only" time="0.000"><failure message="KeyError: 'session_id'">backend/tests/test_sessions_crud.py:199: in test_edit_session_minutes_only
    "session_id": authenticated_user["session_id"],
                  ^^^^^^^^^^^^^^^^^^^^^^^^^^^^^^^^
E   KeyError: 'session_id'</failure></testcase><testcase classname="backend.tests.test_sessions_crud.TestOnboardingAndSessions" name="test_edit_nonexistent_session" time="0.124" /><testcase classname="backend.tests.test_sessions_crud.TestOnboardingAndSessions" name="test_delete_session" time="0.108"><failure message="KeyError: 'id'">backend/tests/test_sessions_crud.py:251: in test_delete_session
    session_to_delete = create_response.json()["id"]
                        ^^^^^^^^^^^^^^^^^^^^^^^^^^^^
E   KeyError: 'id'</failure></testcase><testcase classname="backend.tests.test_sessions_crud.TestOnboardingAndSessions" name="test_delete_nonexistent_session" time="0.149" /><testcase classname="backend.tests.test_sessions_crud.TestWeeklyStats" name="test_get_weekly_stats" time="0.813" /><testcase classname="backend.tests.test_sessions_crud.TestWeeklyStats" name="test_get_daily_comparison" time="0.113" /><testcase classname="backend.tests.test_timezone_stats.TestTimezoneStatsComparison" name="test_comparison_without_local_date" time="0.571" /><testcase classname="backend.tests.test_timezone_stats.TestTimezoneStatsComparison" name="test_comparison_with_local_date" time="0.127" /><testcase classname="backend.tests.test_timezone_stats.TestTimezoneStatsComparison" name="test_log_session_and_verify_comparison" time="0.332" /><testcase classname="backend.tests.test_timezone_stats.TestTimezoneStatsComparison" name="test_comparison_with_specific_date" time="0.117" /><testcase classname="backend.tests.test_timezone_stats.TestTimezoneStatsWeekly" name="test_weekly_stats_without_local_date" time="0.585" /><testcase classname="backend.tests.test_timezone_stats.TestTimezoneStatsWeekly" name="test_weekly_stats_with_local_date" time="0.117" /><testcase classname="backend.tests.test_timezone_stats.TestTimezoneStatsWeekly" name="test_log_session_and_verify_weekly_stats" time="0.333" /><testcase classname="backend.tests.test_timezone_stats.TestTimezoneStatsWeeklyReview" name="test_weekly_review_without_local_date" time="0.555" /><testcase classname="backend.tests.test_timezone_stats.TestTimezoneStatsWeeklyReview" name="test_weekly_review_with_local_date" time="0.120" /><testcase classname="backend.tests.test_timezone_stats.TestTimezoneStatsHistory" name="test_history_without_local_date" time="0.612" /><testcase classname="backend.tests.test_timezone_stats.TestTimezoneStatsHistory" name="test_history_with_local_date" time="0.121" /><testcase classname="backend.tests.test_timezone_stats.TestTimezoneStatsHistory" name="test_history_with_different_days" time="0.512" /><testcase classname="backend.tests.test_timezone_stats.TestTodaySessionsWithLocalDate" name="test_today_sessions_without_local_date" time="0.663" /><testcase classname="backend.tests.test_timezone_stats.TestTodaySessionsWithLocalDate" name="test_today_sessions_with_local_date" time="0.103" /><testcase classname="backend.tests.test_timezone_stats.TestTodaySessionsWithLocalDate" name="test_log_and_verify_today_sessions" time="0.376" /><testcase classname="backend.tests.test_timezone_stats.TestEndToEndTimezoneFlow" name="test_full_flow_with_timezone_handling" time="1.053" /></testsuite></testsuites>