<?xml version="1.0" encoding="utf-8"?><testsuites name="pytest tests"><testsuite name="pytest" errors="0" failures="0" skipped="0" tests="10" time="2.757" timestamp="2026-04-04T20:31:50.996436+00:00" hostname="agent-env-4d6d9866-fbbf-4139-a816-8c4986090974"><testcase classname="backend.tests.test_referral_shop.TestShopItemsAPI" name="test_shop_items_returns_referral_exclusive_items" time="0.192" /><testcase classname="backend.tests.test_referral_shop.TestShopItemsAPI" name="test_referral_items_have_referrals_required_field" time="0.147" /><testcase classname="backend.tests.test_referral_shop.TestShopItemsAPI" name="test_referral_items_have_exclusive_rarity" time="0.167" /><testcase classname="backend.tests.test_referral_shop.TestShopItemsAPI" name="test_regular_items_have_price" time="0.105" /><testcase classname="backend.tests.test_referral_shop.TestShopItemsAPI" name="test_referral_items_have_zero_price" time="0.106" /><testcase classname="backend.tests.test_referral_shop.TestReferralMilestonesAPI" name="test_referral_my_code_endpoint" time="0.492" /><testcase classname="backend.tests.test_referral_shop.TestReferralMilestonesAPI" name="test_milestones_have_required_fields" time="0.430" /><testcase classname="backend.tests.test_referral_shop.TestReferralMilestonesAPI" name="test_exclusive_items_endpoint" time="0.519" /><testcase classname="backend.tests.test_referral_shop.TestReferralInfoAPI" name="test_referral_info_endpoint" time="0.415" /><testcase classname="backend.tests.test_referral_shop.TestShopCategories" name="test_shop_categories_endpoint" time="0.118" /></testsuite></testsuites>