<?xml version="1.0" encoding="utf-8"?><testsuites name="pytest tests"><testsuite name="pytest" errors="0" failures="0" skipped="0" tests="15" time="4.653" timestamp="2026-04-02T19:53:24.340991+00:00" hostname="agent-env-abeadc23-0c37-4008-afea-7fd9e7d7485f"><testcase classname="backend.tests.test_xp_event_notifications.TestSchedulerStatus" name="test_scheduler_status_returns_jobs" time="0.207" /><testcase classname="backend.tests.test_xp_event_notifications.TestSchedulerStatus" name="test_scheduler_status_includes_xp_event_notifications" time="0.103" /><testcase classname="backend.tests.test_xp_event_notifications.TestSchedulerStatus" name="test_scheduler_status_shows_job_ids" time="0.122" /><testcase classname="backend.tests.test_xp_event_notifications.TestBroadcastEndpoint" name="test_broadcast_event_success" time="0.755" /><testcase classname="backend.tests.test_xp_event_notifications.TestBroadcastEndpoint" name="test_broadcast_event_not_found" time="0.112" /><testcase classname="backend.tests.test_xp_event_notifications.TestBroadcastEndpoint" name="test_broadcast_event_requires_admin" time="0.688" /><testcase classname="backend.tests.test_xp_event_notifications.TestBroadcastEndpoint" name="test_broadcast_event_requires_auth" time="0.442" /><testcase classname="backend.tests.test_xp_event_notifications.TestBroadcastEndpoint" name="test_broadcast_returns_zero_without_vapid" time="0.368" /><testcase classname="backend.tests.test_xp_event_notifications.TestPushFunctionsExist" name="test_push_module_imports" time="0.242" /><testcase classname="backend.tests.test_xp_event_notifications.TestEmailTemplatesExist" name="test_scheduler_jobs_module_accessible" time="0.135" /><testcase classname="backend.tests.test_xp_event_notifications.TestActiveEventWithBroadcast" name="test_create_event_and_broadcast" time="0.390" /><testcase classname="backend.tests.test_xp_event_notifications.TestActiveEventWithBroadcast" name="test_broadcast_active_vs_inactive_event" time="0.682" /><testcase classname="backend.tests.test_xp_event_notifications.TestSchedulerJobConfiguration" name="test_xp_event_notifications_job_has_next_run" time="0.108" /><testcase classname="backend.tests.test_xp_event_notifications.TestSchedulerJobConfiguration" name="test_scheduler_schedule_descriptions" time="0.113" /><testcase classname="backend.tests.test_xp_event_notifications.TestCleanupTestEvents" name="test_cleanup_test_events" time="0.118" /></testsuite></testsuites>