<?xml version="1.0" encoding="utf-8"?><testsuites name="pytest tests"><testsuite name="pytest" errors="0" failures="0" skipped="1" tests="24" time="9.849" timestamp="2026-04-06T01:11:04.293319+00:00" hostname="agent-env-b0dd814b-f29d-4d36-a2a1-b07277d5da22"><testcase classname="backend.tests.test_virtual_pets_overhaul.TestVirtualPetsOverhaul" name="test_get_available_pets_returns_all_17_pets" time="0.581" /><testcase classname="backend.tests.test_virtual_pets_overhaul.TestVirtualPetsOverhaul" name="test_get_available_pets_has_9_free_starters" time="0.400" /><testcase classname="backend.tests.test_virtual_pets_overhaul.TestVirtualPetsOverhaul" name="test_get_available_pets_has_8_shop_pets" time="0.407" /><testcase classname="backend.tests.test_virtual_pets_overhaul.TestVirtualPetsOverhaul" name="test_get_available_pets_starters_are_free" time="0.416" /><testcase classname="backend.tests.test_virtual_pets_overhaul.TestVirtualPetsOverhaul" name="test_get_available_pets_shop_pets_have_prices" time="0.389" /><testcase classname="backend.tests.test_virtual_pets_overhaul.TestVirtualPetsOverhaul" name="test_get_available_pets_has_correct_categories" time="0.445" /><testcase classname="backend.tests.test_virtual_pets_overhaul.TestVirtualPetsOverhaul" name="test_get_available_pets_has_preview_and_max_icons" time="0.431" /><testcase classname="backend.tests.test_virtual_pets_overhaul.TestVirtualPetsOverhaul" name="test_select_starter_pet_works" time="0.393"><skipped type="pytest.skip" message="User already has a pet - cannot test starter selection">/app/backend/tests/test_virtual_pets_overhaul.py:159: User already has a pet - cannot test starter selection</skipped></testcase><testcase classname="backend.tests.test_virtual_pets_overhaul.TestVirtualPetsOverhaul" name="test_select_invalid_pet_type_fails" time="0.405" /><testcase classname="backend.tests.test_virtual_pets_overhaul.TestVirtualPetsOverhaul" name="test_get_interactions_returns_9_types" time="0.381" /><testcase classname="backend.tests.test_virtual_pets_overhaul.TestVirtualPetsOverhaul" name="test_get_interactions_has_cooldown_info" time="0.397" /><testcase classname="backend.tests.test_virtual_pets_overhaul.TestVirtualPetsOverhaul" name="test_interact_pet_returns_petting_animations" time="0.387" /><testcase classname="backend.tests.test_virtual_pets_overhaul.TestVirtualPetsOverhaul" name="test_interact_feed_returns_feeding_animations" time="0.413" /><testcase classname="backend.tests.test_virtual_pets_overhaul.TestVirtualPetsOverhaul" name="test_interact_play_returns_play_animations" time="0.392" /><testcase classname="backend.tests.test_virtual_pets_overhaul.TestVirtualPetsOverhaul" name="test_interact_highfive_returns_highfive_animations" time="0.396" /><testcase classname="backend.tests.test_virtual_pets_overhaul.TestVirtualPetsOverhaul" name="test_interact_cheer_returns_cheer_animations" time="0.428" /><testcase classname="backend.tests.test_virtual_pets_overhaul.TestVirtualPetsOverhaul" name="test_interact_adventure_returns_adventure_animations" time="0.390" /><testcase classname="backend.tests.test_virtual_pets_overhaul.TestVirtualPetsOverhaul" name="test_interact_invalid_type_fails" time="0.390" /><testcase classname="backend.tests.test_virtual_pets_overhaul.TestVirtualPetsOverhaul" name="test_interact_returns_happiness_boost" time="0.389" /><testcase classname="backend.tests.test_virtual_pets_overhaul.TestVirtualPetsOverhaul" name="test_get_my_pet_returns_pet_details" time="0.394" /><testcase classname="backend.tests.test_virtual_pets_overhaul.TestVirtualPetsOverhaul" name="test_flame_dragon_exists_with_correct_properties" time="0.385" /><testcase classname="backend.tests.test_virtual_pets_overhaul.TestVirtualPetsOverhaul" name="test_cyber_fox_exists_with_correct_properties" time="0.374" /><testcase classname="backend.tests.test_virtual_pets_overhaul.TestVirtualPetsOverhaul" name="test_galaxy_dragon_is_shop_pet" time="0.380" /><testcase classname="backend.tests.test_virtual_pets_overhaul.TestVirtualPetsOverhaul" name="test_pixel_sprite_has_gaming_category" time="0.372" /></testsuite></testsuites>