<?xml version="1.0" encoding="utf-8"?><testsuites name="pytest tests"><testsuite name="pytest" errors="0" failures="0" skipped="0" tests="17" time="3.298" timestamp="2026-04-02T19:34:09.292151+00:00" hostname="agent-env-abeadc23-0c37-4008-afea-7fd9e7d7485f"><testcase classname="backend.tests.test_engagement_xp.TestEngagementStatus" name="test_get_engagement_status_success" time="0.597" /><testcase classname="backend.tests.test_engagement_xp.TestEngagementStatus" name="test_get_engagement_status_requires_auth" time="0.113" /><testcase classname="backend.tests.test_engagement_xp.TestDailyLogin" name="test_daily_login_returns_correct_structure" time="0.460" /><testcase classname="backend.tests.test_engagement_xp.TestDailyLogin" name="test_daily_login_duplicate_shows_already_claimed" time="0.234" /><testcase classname="backend.tests.test_engagement_xp.TestDailyLogin" name="test_daily_login_requires_auth" time="0.135" /><testcase classname="backend.tests.test_engagement_xp.TestXPHistory" name="test_get_xp_history_success" time="0.111" /><testcase classname="backend.tests.test_engagement_xp.TestXPHistory" name="test_xp_history_requires_auth" time="0.107" /><testcase classname="backend.tests.test_engagement_xp.TestXPLeaderboard" name="test_get_xp_leaderboard_success" time="0.127" /><testcase classname="backend.tests.test_engagement_xp.TestXPLeaderboard" name="test_xp_leaderboard_is_sorted_by_xp" time="0.115" /><testcase classname="backend.tests.test_engagement_xp.TestXPLeaderboard" name="test_xp_leaderboard_limit_parameter" time="0.115" /><testcase classname="backend.tests.test_engagement_xp.TestFriendStreaks" name="test_get_friend_streaks_success" time="0.126" /><testcase classname="backend.tests.test_engagement_xp.TestFriendStreaks" name="test_friend_streaks_requires_auth" time="0.135" /><testcase classname="backend.tests.test_engagement_xp.TestSessionXPAward" name="test_session_complete_awards_xp" time="0.370" /><testcase classname="backend.tests.test_engagement_xp.TestSessionXPAward" name="test_session_complete_returns_level_info" time="0.117" /><testcase classname="backend.tests.test_engagement_xp.TestLevelCalculation" name="test_level_info_has_correct_structure" time="0.104" /><testcase classname="backend.tests.test_engagement_xp.TestLevelCalculation" name="test_level_title_matches_level" time="0.107" /><testcase classname="backend.tests.test_engagement_xp.TestLoginStreakBonus" name="test_login_streak_increments" time="0.139" /></testsuite></testsuites>