<?xml version="1.0" encoding="utf-8"?><testsuites name="pytest tests"><testsuite name="pytest" errors="0" failures="0" skipped="0" tests="32" time="5.090" timestamp="2026-04-06T01:23:32.733449+00:00" hostname="agent-env-b0dd814b-f29d-4d36-a2a1-b07277d5da22"><testcase classname="backend.tests.test_pet_accessories.TestAccessoriesShop" name="test_shop_returns_200" time="0.509" /><testcase classname="backend.tests.test_pet_accessories.TestAccessoriesShop" name="test_shop_returns_items_array" time="0.140" /><testcase classname="backend.tests.test_pet_accessories.TestAccessoriesShop" name="test_shop_returns_user_coins" time="0.120" /><testcase classname="backend.tests.test_pet_accessories.TestAccessoriesShop" name="test_shop_items_have_required_fields" time="0.126" /><testcase classname="backend.tests.test_pet_accessories.TestAccessoriesShop" name="test_shop_items_have_prices" time="0.113" /><testcase classname="backend.tests.test_pet_accessories.TestAccessoriesShop" name="test_shop_can_afford_status" time="0.106" /><testcase classname="backend.tests.test_pet_accessories.TestAccessoriesInventory" name="test_inventory_returns_200" time="0.288" /><testcase classname="backend.tests.test_pet_accessories.TestAccessoriesInventory" name="test_inventory_returns_inventory_array" time="0.111" /><testcase classname="backend.tests.test_pet_accessories.TestAccessoriesInventory" name="test_inventory_returns_total_owned" time="0.141" /><testcase classname="backend.tests.test_pet_accessories.TestAccessoriesUnlockable" name="test_unlockable_returns_200" time="0.117" /><testcase classname="backend.tests.test_pet_accessories.TestAccessoriesUnlockable" name="test_unlockable_returns_unlockable_array" time="0.118" /><testcase classname="backend.tests.test_pet_accessories.TestAccessoriesUnlockable" name="test_unlockable_items_have_progress_info" time="0.120" /><testcase classname="backend.tests.test_pet_accessories.TestAccessoriesUnlockable" name="test_unlockable_has_claimable_count" time="0.105" /><testcase classname="backend.tests.test_pet_accessories.TestAccessoriesEquipped" name="test_equipped_returns_200" time="0.110" /><testcase classname="backend.tests.test_pet_accessories.TestAccessoriesEquipped" name="test_equipped_returns_equipped_dict" time="0.110" /><testcase classname="backend.tests.test_pet_accessories.TestAccessoriesEquipped" name="test_equipped_returns_has_pet_status" time="0.118" /><testcase classname="backend.tests.test_pet_accessories.TestAccessoriesPurchase" name="test_purchase_invalid_accessory_returns_404" time="0.159" /><testcase classname="backend.tests.test_pet_accessories.TestAccessoriesPurchase" name="test_purchase_non_shop_item_returns_400" time="0.124" /><testcase classname="backend.tests.test_pet_accessories.TestAccessoriesPurchase" name="test_purchase_expensive_item_insufficient_coins" time="0.149" /><testcase classname="backend.tests.test_pet_accessories.TestAccessoriesClaim" name="test_claim_invalid_accessory_returns_404" time="0.121" /><testcase classname="backend.tests.test_pet_accessories.TestAccessoriesClaim" name="test_claim_shop_item_returns_400" time="0.106" /><testcase classname="backend.tests.test_pet_accessories.TestAccessoriesClaim" name="test_claim_locked_item_returns_400" time="0.109" /><testcase classname="backend.tests.test_pet_accessories.TestAccessoriesEquip" name="test_equip_invalid_accessory_returns_404" time="0.127" /><testcase classname="backend.tests.test_pet_accessories.TestAccessoriesEquip" name="test_equip_unowned_accessory_returns_400" time="0.110" /><testcase classname="backend.tests.test_pet_accessories.TestAccessoriesUnequip" name="test_unequip_invalid_slot_returns_400" time="0.109" /><testcase classname="backend.tests.test_pet_accessories.TestAccessoriesUnequip" name="test_unequip_empty_slot_returns_400" time="0.233" /><testcase classname="backend.tests.test_pet_accessories.TestAccessoriesDataIntegrity" name="test_shop_items_are_shop_type_only" time="0.111" /><testcase classname="backend.tests.test_pet_accessories.TestAccessoriesDataIntegrity" name="test_unlockable_items_are_non_shop_type" time="0.106" /><testcase classname="backend.tests.test_pet_accessories.TestAccessoriesDataIntegrity" name="test_inventory_items_match_owned_status" time="0.354" /><testcase classname="backend.tests.test_pet_accessories.TestAccessoriesCategories" name="test_shop_has_multiple_categories" time="0.124" /><testcase classname="backend.tests.test_pet_accessories.TestAccessoriesCategories" name="test_unlockable_has_multiple_unlock_types" time="0.120" /><testcase classname="backend.tests.test_pet_accessories.TestAccessoriesCount" name="test_total_accessories_count" time="0.386" /></testsuite></testsuites>