<?xml version="1.0" encoding="utf-8"?><testsuites name="pytest tests"><testsuite name="pytest" errors="0" failures="0" skipped="0" tests="15" time="6.398" timestamp="2026-03-29T13:36:28.426062+00:00" hostname="agent-env-33b65597-7018-4513-a743-a72cd15790f3"><testcase classname="backend.tests.test_coach_tools.TestCoachLogin" name="test_coach_login_success" time="0.398" /><testcase classname="backend.tests.test_coach_tools.TestCoachLogin" name="test_coach_login_invalid_password" time="0.336" /><testcase classname="backend.tests.test_coach_tools.TestCoachDashboardAPI" name="test_get_dashboard_success" time="0.476" /><testcase classname="backend.tests.test_coach_tools.TestCoachDashboardAPI" name="test_dashboard_returns_players_list" time="0.432" /><testcase classname="backend.tests.test_coach_tools.TestCoachDashboardAPI" name="test_dashboard_returns_inactive_players" time="0.437" /><testcase classname="backend.tests.test_coach_tools.TestCoachDashboardAPI" name="test_dashboard_unauthorized_without_token" time="0.105" /><testcase classname="backend.tests.test_coach_tools.TestCoachDashboardAPI" name="test_dashboard_invalid_group_id" time="0.485" /><testcase classname="backend.tests.test_coach_tools.TestPlayerDetailsAPI" name="test_get_player_details_success" time="0.557" /><testcase classname="backend.tests.test_coach_tools.TestPlayerDetailsAPI" name="test_player_details_invalid_player_id" time="0.437" /><testcase classname="backend.tests.test_coach_tools.TestBulkMessageAPI" name="test_bulk_message_success" time="0.760" /><testcase classname="backend.tests.test_coach_tools.TestBulkMessageAPI" name="test_bulk_message_short_message_rejected" time="0.447" /><testcase classname="backend.tests.test_coach_tools.TestBulkMessageAPI" name="test_bulk_message_invalid_group" time="0.446" /><testcase classname="backend.tests.test_coach_tools.TestBulkMessageAPI" name="test_bulk_message_unauthorized" time="0.141" /><testcase classname="backend.tests.test_coach_tools.TestCoachHomeDashboard" name="test_coach_home_dashboard" time="0.433" /><testcase classname="backend.tests.test_coach_tools.TestMessageHistory" name="test_get_message_history" time="0.431" /></testsuite></testsuites>