<?xml version="1.0" encoding="utf-8"?><testsuites name="pytest tests"><testsuite name="pytest" errors="0" failures="0" skipped="0" tests="16" time="6.705" timestamp="2026-03-05T14:26:05.717395+00:00" hostname="agent-env-5361895e-2486-498c-a5f8-aacd8aa8bdd1"><testcase classname="backend.tests.test_timezone_stats.TestTimezoneStatsComparison" name="test_comparison_without_local_date" time="0.726" /><testcase classname="backend.tests.test_timezone_stats.TestTimezoneStatsComparison" name="test_comparison_with_local_date" time="0.131" /><testcase classname="backend.tests.test_timezone_stats.TestTimezoneStatsComparison" name="test_log_session_and_verify_comparison" time="0.419" /><testcase classname="backend.tests.test_timezone_stats.TestTimezoneStatsComparison" name="test_comparison_with_specific_date" time="0.121" /><testcase classname="backend.tests.test_timezone_stats.TestTimezoneStatsWeekly" name="test_weekly_stats_without_local_date" time="0.618" /><testcase classname="backend.tests.test_timezone_stats.TestTimezoneStatsWeekly" name="test_weekly_stats_with_local_date" time="0.189" /><testcase classname="backend.tests.test_timezone_stats.TestTimezoneStatsWeekly" name="test_log_session_and_verify_weekly_stats" time="0.390" /><testcase classname="backend.tests.test_timezone_stats.TestTimezoneStatsWeeklyReview" name="test_weekly_review_without_local_date" time="0.557" /><testcase classname="backend.tests.test_timezone_stats.TestTimezoneStatsWeeklyReview" name="test_weekly_review_with_local_date" time="0.109" /><testcase classname="backend.tests.test_timezone_stats.TestTimezoneStatsHistory" name="test_history_without_local_date" time="0.574" /><testcase classname="backend.tests.test_timezone_stats.TestTimezoneStatsHistory" name="test_history_with_local_date" time="0.121" /><testcase classname="backend.tests.test_timezone_stats.TestTimezoneStatsHistory" name="test_history_with_different_days" time="0.505" /><testcase classname="backend.tests.test_timezone_stats.TestTodaySessionsWithLocalDate" name="test_today_sessions_without_local_date" time="0.579" /><testcase classname="backend.tests.test_timezone_stats.TestTodaySessionsWithLocalDate" name="test_today_sessions_with_local_date" time="0.144" /><testcase classname="backend.tests.test_timezone_stats.TestTodaySessionsWithLocalDate" name="test_log_and_verify_today_sessions" time="0.324" /><testcase classname="backend.tests.test_timezone_stats.TestEndToEndTimezoneFlow" name="test_full_flow_with_timezone_handling" time="1.141" /></testsuite></testsuites>