<?xml version="1.0" encoding="utf-8"?><testsuites name="pytest tests"><testsuite name="pytest" errors="0" failures="0" skipped="0" tests="47" time="159.755" timestamp="2026-03-05T14:27:18.979178+00:00" hostname="agent-env-5361895e-2486-498c-a5f8-aacd8aa8bdd1"><testcase classname="backend.tests.test_new_features.TestSessionHistory" name="test_get_session_history_empty" time="8.952" /><testcase classname="backend.tests.test_new_features.TestSessionHistory" name="test_get_session_history_with_sessions" time="0.355" /><testcase classname="backend.tests.test_new_features.TestSessionHistory" name="test_get_session_history_with_days_param" time="0.111" /><testcase classname="backend.tests.test_new_features.TestSessionNotes" name="test_create_session_with_note" time="0.601" /><testcase classname="backend.tests.test_new_features.TestSessionNotes" name="test_create_session_without_note" time="0.109" /><testcase classname="backend.tests.test_new_features.TestSessionNotes" name="test_verify_note_in_today_sessions" time="0.119" /><testcase classname="backend.tests.test_new_features.TestSessionNotes" name="test_edit_session_add_note" time="136.609" /><testcase classname="backend.tests.test_new_features.TestSessionNotes" name="test_edit_session_update_note" time="0.280" /><testcase classname="backend.tests.test_new_features.TestSessionNotes" name="test_edit_session_remove_note" time="0.261" /><testcase classname="backend.tests.test_new_features.TestSessionNotes" name="test_note_in_history" time="0.106" /><testcase classname="backend.tests.test_new_features.TestNotificationSettings" name="test_get_notification_settings_default" time="0.461" /><testcase classname="backend.tests.test_new_features.TestNotificationSettings" name="test_update_notification_settings_disable_streak" time="0.226" /><testcase classname="backend.tests.test_new_features.TestNotificationSettings" name="test_update_notification_settings_disable_weekly" time="0.291" /><testcase classname="backend.tests.test_new_features.TestNotificationSettings" name="test_update_notification_settings_enable_all" time="0.252" /><testcase classname="backend.tests.test_new_features.TestNotificationSettings" name="test_send_streak_reminder_endpoint" time="0.380" /><testcase classname="backend.tests.test_new_features.TestNotificationSettings" name="test_send_weekly_summary_endpoint" time="0.392" /><testcase classname="backend.tests.test_sessions_crud.TestHealthAndAuth" name="test_pillars_endpoint" time="0.113" /><testcase classname="backend.tests.test_sessions_crud.TestHealthAndAuth" name="test_register_new_user" time="0.337" /><testcase classname="backend.tests.test_sessions_crud.TestHealthAndAuth" name="test_login_user" time="0.352" /><testcase classname="backend.tests.test_sessions_crud.TestHealthAndAuth" name="test_get_current_user" time="0.115" /><testcase classname="backend.tests.test_sessions_crud.TestOnboardingAndSessions" name="test_complete_onboarding" time="0.517" /><testcase classname="backend.tests.test_sessions_crud.TestOnboardingAndSessions" name="test_get_user_pillars" time="0.161" /><testcase classname="backend.tests.test_sessions_crud.TestOnboardingAndSessions" name="test_create_session" time="0.106" /><testcase classname="backend.tests.test_sessions_crud.TestOnboardingAndSessions" name="test_get_today_sessions" time="0.112" /><testcase classname="backend.tests.test_sessions_crud.TestOnboardingAndSessions" name="test_edit_session" time="0.239" /><testcase classname="backend.tests.test_sessions_crud.TestOnboardingAndSessions" name="test_edit_session_minutes_only" time="0.224" /><testcase classname="backend.tests.test_sessions_crud.TestOnboardingAndSessions" name="test_edit_nonexistent_session" time="0.140" /><testcase classname="backend.tests.test_sessions_crud.TestOnboardingAndSessions" name="test_delete_session" time="0.397" /><testcase classname="backend.tests.test_sessions_crud.TestOnboardingAndSessions" name="test_delete_nonexistent_session" time="0.179" /><testcase classname="backend.tests.test_sessions_crud.TestWeeklyStats" name="test_get_weekly_stats" time="0.876" /><testcase classname="backend.tests.test_sessions_crud.TestWeeklyStats" name="test_get_daily_comparison" time="0.115" /><testcase classname="backend.tests.test_timezone_stats.TestTimezoneStatsComparison" name="test_comparison_without_local_date" time="0.565" /><testcase classname="backend.tests.test_timezone_stats.TestTimezoneStatsComparison" name="test_comparison_with_local_date" time="0.122" /><testcase classname="backend.tests.test_timezone_stats.TestTimezoneStatsComparison" name="test_log_session_and_verify_comparison" time="0.364" /><testcase classname="backend.tests.test_timezone_stats.TestTimezoneStatsComparison" name="test_comparison_with_specific_date" time="0.114" /><testcase classname="backend.tests.test_timezone_stats.TestTimezoneStatsWeekly" name="test_weekly_stats_without_local_date" time="0.575" /><testcase classname="backend.tests.test_timezone_stats.TestTimezoneStatsWeekly" name="test_weekly_stats_with_local_date" time="0.107" /><testcase classname="backend.tests.test_timezone_stats.TestTimezoneStatsWeekly" name="test_log_session_and_verify_weekly_stats" time="0.345" /><testcase classname="backend.tests.test_timezone_stats.TestTimezoneStatsWeeklyReview" name="test_weekly_review_without_local_date" time="0.557" /><testcase classname="backend.tests.test_timezone_stats.TestTimezoneStatsWeeklyReview" name="test_weekly_review_with_local_date" time="0.115" /><testcase classname="backend.tests.test_timezone_stats.TestTimezoneStatsHistory" name="test_history_without_local_date" time="0.589" /><testcase classname="backend.tests.test_timezone_stats.TestTimezoneStatsHistory" name="test_history_with_local_date" time="0.130" /><testcase classname="backend.tests.test_timezone_stats.TestTimezoneStatsHistory" name="test_history_with_different_days" time="0.501" /><testcase classname="backend.tests.test_timezone_stats.TestTodaySessionsWithLocalDate" name="test_today_sessions_without_local_date" time="0.557" /><testcase classname="backend.tests.test_timezone_stats.TestTodaySessionsWithLocalDate" name="test_today_sessions_with_local_date" time="0.104" /><testcase classname="backend.tests.test_timezone_stats.TestTodaySessionsWithLocalDate" name="test_log_and_verify_today_sessions" time="0.311" /><testcase classname="backend.tests.test_timezone_stats.TestEndToEndTimezoneFlow" name="test_full_flow_with_timezone_handling" time="1.096" /></testsuite></testsuites>