<?xml version="1.0" encoding="utf-8"?><testsuites name="pytest tests"><testsuite name="pytest" errors="0" failures="0" skipped="0" tests="16" time="7.414" timestamp="2026-04-05T00:31:29.715935+00:00" hostname="agent-env-4d6d9866-fbbf-4139-a816-8c4986090974"><testcase classname="backend.tests.test_virtual_pets.TestPetsAvailable" name="test_get_available_pets_returns_starters_and_shop" time="0.477" /><testcase classname="backend.tests.test_virtual_pets.TestPetsAvailable" name="test_starters_are_free" time="0.527" /><testcase classname="backend.tests.test_virtual_pets.TestPetsAvailable" name="test_shop_pets_have_prices" time="0.470" /><testcase classname="backend.tests.test_virtual_pets.TestMyPet" name="test_admin_has_pet" time="0.460" /><testcase classname="backend.tests.test_virtual_pets.TestMyPet" name="test_my_pet_returns_evolution_info" time="0.440" /><testcase classname="backend.tests.test_virtual_pets.TestMyPet" name="test_coach_no_pet" time="0.463" /><testcase classname="backend.tests.test_virtual_pets.TestPetSelect" name="test_cannot_select_second_starter" time="0.551" /><testcase classname="backend.tests.test_virtual_pets.TestPetSelect" name="test_cannot_select_same_pet_twice" time="0.572" /><testcase classname="backend.tests.test_virtual_pets.TestPetSelect" name="test_cannot_buy_shop_pet_without_coins" time="0.451" /><testcase classname="backend.tests.test_virtual_pets.TestPetSelect" name="test_invalid_pet_type_rejected" time="0.467" /><testcase classname="backend.tests.test_virtual_pets.TestPetInteract" name="test_interact_returns_encouragement" time="0.572" /><testcase classname="backend.tests.test_virtual_pets.TestPetInteract" name="test_interact_without_pet_fails" time="0.121" /><testcase classname="backend.tests.test_virtual_pets.TestPetShop" name="test_shop_returns_pets_with_status" time="0.433" /><testcase classname="backend.tests.test_virtual_pets.TestPetShop" name="test_shop_pets_sorted_by_price" time="0.471" /><testcase classname="backend.tests.test_virtual_pets.TestPetCollection" name="test_collection_returns_owned_pets" time="0.423" /><testcase classname="backend.tests.test_virtual_pets.TestPetEncouragement" name="test_encouragement_returns_message" time="0.430" /></testsuite></testsuites>