<?xml version="1.0" encoding="utf-8"?><testsuites name="pytest tests"><testsuite name="pytest" errors="0" failures="0" skipped="0" tests="25" time="5.781" timestamp="2026-04-02T19:45:21.174627+00:00" hostname="agent-env-abeadc23-0c37-4008-afea-7fd9e7d7485f"><testcase classname="backend.tests.test_xp_events.TestActiveEvents" name="test_get_active_events_success" time="0.256" /><testcase classname="backend.tests.test_xp_events.TestActiveEvents" name="test_active_events_have_time_remaining" time="0.156" /><testcase classname="backend.tests.test_xp_events.TestUpcomingEvents" name="test_get_upcoming_events_success" time="0.136" /><testcase classname="backend.tests.test_xp_events.TestAdminEventsList" name="test_list_all_events_admin_success" time="0.482" /><testcase classname="backend.tests.test_xp_events.TestAdminEventsList" name="test_list_all_events_requires_admin" time="0.470" /><testcase classname="backend.tests.test_xp_events.TestAdminEventsList" name="test_list_all_events_requires_auth" time="0.140" /><testcase classname="backend.tests.test_xp_events.TestCreateEvent" name="test_create_event_success" time="0.123" /><testcase classname="backend.tests.test_xp_events.TestCreateEvent" name="test_create_event_invalid_dates" time="0.104" /><testcase classname="backend.tests.test_xp_events.TestCreateEvent" name="test_create_event_invalid_multiplier" time="0.108" /><testcase classname="backend.tests.test_xp_events.TestCreateEvent" name="test_create_event_requires_admin" time="0.118" /><testcase classname="backend.tests.test_xp_events.TestQuickDoubleXPWeekend" name="test_quick_double_xp_weekend_success" time="0.117" /><testcase classname="backend.tests.test_xp_events.TestQuickDoubleXPWeekend" name="test_quick_double_xp_weekend_requires_admin" time="0.112" /><testcase classname="backend.tests.test_xp_events.TestQuickChallengeRush" name="test_quick_challenge_rush_default_success" time="0.119" /><testcase classname="backend.tests.test_xp_events.TestQuickChallengeRush" name="test_quick_challenge_rush_custom_params" time="0.120" /><testcase classname="backend.tests.test_xp_events.TestQuickChallengeRush" name="test_quick_challenge_rush_requires_admin" time="0.122" /><testcase classname="backend.tests.test_xp_events.TestUpdateEvent" name="test_update_event_success" time="0.266" /><testcase classname="backend.tests.test_xp_events.TestUpdateEvent" name="test_update_event_not_found" time="0.137" /><testcase classname="backend.tests.test_xp_events.TestUpdateEvent" name="test_update_event_invalid_multiplier" time="0.229" /><testcase classname="backend.tests.test_xp_events.TestUpdateEvent" name="test_update_event_requires_admin" time="0.144" /><testcase classname="backend.tests.test_xp_events.TestDeleteEvent" name="test_delete_event_success" time="0.326" /><testcase classname="backend.tests.test_xp_events.TestDeleteEvent" name="test_delete_event_not_found" time="0.110" /><testcase classname="backend.tests.test_xp_events.TestDeleteEvent" name="test_delete_event_requires_admin" time="0.125" /><testcase classname="backend.tests.test_xp_events.TestEngagementStatusWithEvent" name="test_engagement_status_includes_active_event" time="0.129" /><testcase classname="backend.tests.test_xp_events.TestXPMultiplierDuringEvent" name="test_xp_multiplied_during_active_event" time="0.382" /><testcase classname="backend.tests.test_xp_events.TestCleanupTestEvents" name="test_cleanup_test_events" time="1.159" /></testsuite></testsuites>