<?xml version="1.0" encoding="utf-8"?><testsuites name="pytest tests"><testsuite name="pytest" errors="0" failures="1" skipped="0" tests="15" time="78.124" timestamp="2026-04-02T20:28:34.988523+00:00" hostname="agent-env-abeadc23-0c37-4008-afea-7fd9e7d7485f"><testcase classname="backend.tests.test_email_announcements.TestUsersListEndpoint" name="test_users_list_requires_auth" time="0.132" /><testcase classname="backend.tests.test_email_announcements.TestUsersListEndpoint" name="test_users_list_returns_users" time="0.480" /><testcase classname="backend.tests.test_email_announcements.TestUsersListEndpoint" name="test_users_list_user_structure" time="0.114" /><testcase classname="backend.tests.test_email_announcements.TestUsersListEndpoint" name="test_users_list_search_filter" time="0.125" /><testcase classname="backend.tests.test_email_announcements.TestUsersListEndpoint" name="test_users_list_limit_param" time="0.113" /><testcase classname="backend.tests.test_email_announcements.TestAnnouncementsSendEndpoint" name="test_send_requires_auth" time="0.106" /><testcase classname="backend.tests.test_email_announcements.TestAnnouncementsSendEndpoint" name="test_send_validates_subject_required" time="0.122" /><testcase classname="backend.tests.test_email_announcements.TestAnnouncementsSendEndpoint" name="test_send_validates_message_required" time="0.155" /><testcase classname="backend.tests.test_email_announcements.TestAnnouncementsSendEndpoint" name="test_send_validates_users_or_send_to_all" time="0.112" /><testcase classname="backend.tests.test_email_announcements.TestAnnouncementsSendEndpoint" name="test_send_to_all_users" time="15.325" /><testcase classname="backend.tests.test_email_announcements.TestAnnouncementsSendEndpoint" name="test_send_to_specific_users" time="0.480" /><testcase classname="backend.tests.test_email_announcements.TestAnnouncementsHistoryEndpoint" name="test_history_requires_auth" time="0.106" /><testcase classname="backend.tests.test_email_announcements.TestAnnouncementsHistoryEndpoint" name="test_history_returns_announcements" time="0.183" /><testcase classname="backend.tests.test_email_announcements.TestAnnouncementsHistoryEndpoint" name="test_history_announcement_structure" time="0.131" /><testcase classname="backend.tests.test_email_announcements.TestAnnouncementIntegration" name="test_full_announcement_flow" time="60.349"><failure message="AssertionError: Send failed: The preview environment is not responding. It may be starting up.&#10;  &#10;assert 502 == 200&#10; +  where 502 = &lt;Response [502]&gt;.status_code">backend/tests/test_email_announcements.py:308: in test_full_announcement_flow
    assert send_response.status_code == 200, f"Send failed: {send_response.text}"
E   AssertionError: Send failed: The preview environment is not responding. It may be starting up.
E     
E   assert 502 == 200
E    +  where 502 = &lt;Response [502]&gt;.status_code</failure></testcase></testsuite></testsuites>