<?xml version="1.0" encoding="utf-8"?><testsuites name="pytest tests"><testsuite name="pytest" errors="0" failures="0" skipped="0" tests="13" time="10.277" timestamp="2026-03-29T14:01:13.234627+00:00" hostname="agent-env-33b65597-7018-4513-a743-a72cd15790f3"><testcase classname="backend.tests.test_simplified_parent_flow.TestSimplifiedParentFlow" name="test_add_parent_email_success" time="0.801" /><testcase classname="backend.tests.test_simplified_parent_flow.TestSimplifiedParentFlow" name="test_add_parent_duplicate_email_rejected" time="0.989" /><testcase classname="backend.tests.test_simplified_parent_flow.TestSimplifiedParentFlow" name="test_add_parent_case_insensitive_email" time="0.733" /><testcase classname="backend.tests.test_simplified_parent_flow.TestSimplifiedParentFlow" name="test_add_parent_requires_auth" time="0.526" /><testcase classname="backend.tests.test_simplified_parent_flow.TestSimplifiedParentFlow" name="test_get_linked_parents_returns_list" time="0.499" /><testcase classname="backend.tests.test_simplified_parent_flow.TestSimplifiedParentFlow" name="test_linked_parents_have_required_fields" time="0.777" /><testcase classname="backend.tests.test_simplified_parent_flow.TestSimplifiedParentFlow" name="test_linked_parents_requires_auth" time="0.563" /><testcase classname="backend.tests.test_simplified_parent_flow.TestSimplifiedParentFlow" name="test_remove_parent_success" time="0.955" /><testcase classname="backend.tests.test_simplified_parent_flow.TestSimplifiedParentFlow" name="test_remove_parent_invalid_link_id" time="0.442" /><testcase classname="backend.tests.test_simplified_parent_flow.TestSimplifiedParentFlow" name="test_remove_parent_requires_auth" time="0.475" /><testcase classname="backend.tests.test_simplified_parent_flow.TestSimplifiedParentFlow" name="test_maximum_two_parents_validation" time="1.308" /><testcase classname="backend.tests.test_simplified_parent_flow.TestSimplifiedParentFlow" name="test_legacy_invite_endpoint_works" time="0.872" /><testcase classname="backend.tests.test_simplified_parent_flow.TestSimplifiedParentFlow" name="test_slots_remaining_calculation" time="1.273" /></testsuite></testsuites>