<?xml version="1.0" encoding="utf-8"?><testsuites name="pytest tests"><testsuite name="pytest" errors="0" failures="0" skipped="0" tests="14" time="1.788" timestamp="2026-03-06T02:20:51.591852+00:00" hostname="agent-env-d41b9dfb-75b4-4122-a0a9-6ae88fd19ed6"><testcase classname="backend.tests.test_push_notifications.TestVAPIDKeyEndpoint" name="test_vapid_key_returns_public_key" time="0.173" /><testcase classname="backend.tests.test_push_notifications.TestPushSubscription" name="test_subscribe_requires_auth" time="0.059" /><testcase classname="backend.tests.test_push_notifications.TestPushSubscription" name="test_subscribe_with_valid_data" time="0.393" /><testcase classname="backend.tests.test_push_notifications.TestPushSubscription" name="test_subscribe_updates_existing" time="0.112" /><testcase classname="backend.tests.test_push_notifications.TestPushStatus" name="test_status_requires_auth" time="0.058" /><testcase classname="backend.tests.test_push_notifications.TestPushStatus" name="test_status_returns_push_info" time="0.060" /><testcase classname="backend.tests.test_push_notifications.TestPushUnsubscribe" name="test_unsubscribe_requires_auth" time="0.053" /><testcase classname="backend.tests.test_push_notifications.TestPushUnsubscribe" name="test_unsubscribe_removes_subscriptions" time="0.113" /><testcase classname="backend.tests.test_push_notifications.TestPushTestNotification" name="test_test_notification_requires_auth" time="0.048" /><testcase classname="backend.tests.test_push_notifications.TestPushTestNotification" name="test_test_notification_without_subscription" time="0.113" /><testcase classname="backend.tests.test_push_notifications.TestPushTestNotification" name="test_test_notification_with_subscription" time="0.114" /><testcase classname="backend.tests.test_push_notifications.TestServiceWorkerFile" name="test_service_worker_exists" time="0.067" /><testcase classname="backend.tests.test_push_notifications.TestSchedulerIntegration" name="test_scheduler_status_endpoint" time="0.057" /><testcase classname="backend.tests.test_push_notifications.TestPushSubscriptionFlow" name="test_full_subscription_flow" time="0.294" /></testsuite></testsuites>