<?xml version="1.0" encoding="utf-8"?><testsuites name="pytest tests"><testsuite name="pytest" errors="0" failures="2" skipped="0" tests="20" time="11.003" timestamp="2026-03-06T00:14:04.130822+00:00" hostname="agent-env-5361895e-2486-498c-a5f8-aacd8aa8bdd1"><testcase classname="backend.tests.test_coach_signup_flow.TestCoachRegistration" name="test_01_coach_register_without_special_code" time="0.476" /><testcase classname="backend.tests.test_coach_signup_flow.TestCoachRegistration" name="test_02_coach_register_with_valid_special_code_EDGE30" time="0.341" /><testcase classname="backend.tests.test_coach_signup_flow.TestCoachRegistration" name="test_03_coach_register_with_valid_special_code_COACH2024" time="0.421" /><testcase classname="backend.tests.test_coach_signup_flow.TestCoachRegistration" name="test_04_coach_register_with_invalid_special_code" time="0.343" /><testcase classname="backend.tests.test_coach_signup_flow.TestCoachRegistration" name="test_05_coach_register_with_lowercase_special_code" time="0.360" /><testcase classname="backend.tests.test_coach_signup_flow.TestCoachRegistration" name="test_06_coach_duplicate_email_rejected" time="0.524" /><testcase classname="backend.tests.test_coach_signup_flow.TestTeamInfoEndpoint" name="test_01_get_team_info_extended_trial" time="0.497" /><testcase classname="backend.tests.test_coach_signup_flow.TestTeamInfoEndpoint" name="test_02_get_team_info_regular_trial" time="0.465" /><testcase classname="backend.tests.test_coach_signup_flow.TestTeamInfoEndpoint" name="test_03_get_team_info_invalid_code" time="0.120" /><testcase classname="backend.tests.test_coach_signup_flow.TestPlayerJoinTeam" name="test_01_player_joins_extended_trial_team" time="0.681" /><testcase classname="backend.tests.test_coach_signup_flow.TestPlayerJoinTeam" name="test_02_player_joins_regular_trial_team" time="0.706" /><testcase classname="backend.tests.test_coach_signup_flow.TestPlayerJoinTeam" name="test_03_player_join_invalid_team_code" time="0.108" /><testcase classname="backend.tests.test_coach_signup_flow.TestPlayerJoinTeam" name="test_04_player_duplicate_email_rejected" time="0.935" /><testcase classname="backend.tests.test_coach_signup_flow.TestCoachDashboard" name="test_01_coach_dashboard_returns_team_info" time="0.502" /><testcase classname="backend.tests.test_coach_signup_flow.TestCoachDashboard" name="test_02_non_coach_cannot_access_dashboard" time="0.480" /><testcase classname="backend.tests.test_coach_signup_flow.TestCoachDashboard" name="test_03_coach_dashboard_with_players" time="1.149" /><testcase classname="backend.tests.test_coach_signup_flow.TestCoachAccountProperties" name="test_01_coach_account_is_always_free" time="0.453"><failure message="AssertionError: Failed to get user info: Internal Server Error&#10;assert 500 == 200&#10; +  where 500 = &lt;Response [500]&gt;.status_code">backend/tests/test_coach_signup_flow.py:510: in test_01_coach_account_is_always_free
    assert me_response.status_code == 200, f"Failed to get user info: {me_response.text}"
E   AssertionError: Failed to get user info: Internal Server Error
E   assert 500 == 200
E    +  where 500 = &lt;Response [500]&gt;.status_code</failure></testcase><testcase classname="backend.tests.test_coach_signup_flow.TestCoachAccountProperties" name="test_02_player_joined_via_coach_has_team_id" time="0.891"><failure message="AssertionError: Player team_id should match coach's team_id&#10;assert None == 'bee137d9-0f87-42ae-afc0-1acf3ee52398'&#10; +  where None = &lt;built-in method get of dict object at 0xffd2bed0d8c0&gt;('team_id')&#10; +    where &lt;built-in method get of dict object at 0xffd2bed0d8c0&gt; = {'age': 16, 'current_streak': 0, 'email': 'player_link_c7e26d@test.com', 'id': 'd3fb928b-57d1-4d8c-84eb-accc795fe860', ...}.get">backend/tests/test_coach_signup_flow.py:556: in test_02_player_joined_via_coach_has_team_id
    assert data.get('team_id') == coach_data['team_id'], f"Player team_id should match coach's team_id"
E   AssertionError: Player team_id should match coach's team_id
E   assert None == 'bee137d9-0f87-42ae-afc0-1acf3ee52398'
E    +  where None = &lt;built-in method get of dict object at 0xffd2bed0d8c0&gt;('team_id')
E    +    where &lt;built-in method get of dict object at 0xffd2bed0d8c0&gt; = {'age': 16, 'current_streak': 0, 'email': 'player_link_c7e26d@test.com', 'id': 'd3fb928b-57d1-4d8c-84eb-accc795fe860', ...}.get</failure></testcase><testcase classname="backend.tests.test_coach_signup_flow.TestCoachLogin" name="test_01_coach_login_returns_is_coach_true" time="0.726" /><testcase classname="backend.tests.test_coach_signup_flow.TestCoachLogin" name="test_02_regular_user_login_returns_is_coach_false" time="0.695" /></testsuite></testsuites>