<?xml version="1.0" encoding="utf-8"?><testsuites name="pytest tests"><testsuite name="pytest" errors="0" failures="0" skipped="0" tests="16" time="5.834" timestamp="2026-02-26T16:51:48.941292+00:00" hostname="agent-env-2110bc9e-5437-45d6-9cc1-47905c4aedf2"><testcase classname="backend.tests.test_new_features.TestSessionHistory" name="test_get_session_history_empty" time="1.188" /><testcase classname="backend.tests.test_new_features.TestSessionHistory" name="test_get_session_history_with_sessions" time="0.595" /><testcase classname="backend.tests.test_new_features.TestSessionHistory" name="test_get_session_history_with_days_param" time="0.158" /><testcase classname="backend.tests.test_new_features.TestSessionNotes" name="test_create_session_with_note" time="0.685" /><testcase classname="backend.tests.test_new_features.TestSessionNotes" name="test_create_session_without_note" time="0.148" /><testcase classname="backend.tests.test_new_features.TestSessionNotes" name="test_verify_note_in_today_sessions" time="0.140" /><testcase classname="backend.tests.test_new_features.TestSessionNotes" name="test_edit_session_add_note" time="0.291" /><testcase classname="backend.tests.test_new_features.TestSessionNotes" name="test_edit_session_update_note" time="0.281" /><testcase classname="backend.tests.test_new_features.TestSessionNotes" name="test_edit_session_remove_note" time="0.272" /><testcase classname="backend.tests.test_new_features.TestSessionNotes" name="test_note_in_history" time="0.137" /><testcase classname="backend.tests.test_new_features.TestNotificationSettings" name="test_get_notification_settings_default" time="0.529" /><testcase classname="backend.tests.test_new_features.TestNotificationSettings" name="test_update_notification_settings_disable_streak" time="0.220" /><testcase classname="backend.tests.test_new_features.TestNotificationSettings" name="test_update_notification_settings_disable_weekly" time="0.260" /><testcase classname="backend.tests.test_new_features.TestNotificationSettings" name="test_update_notification_settings_enable_all" time="0.398" /><testcase classname="backend.tests.test_new_features.TestNotificationSettings" name="test_send_streak_reminder_endpoint" time="0.342" /><testcase classname="backend.tests.test_new_features.TestNotificationSettings" name="test_send_weekly_summary_endpoint" time="0.122" /></testsuite></testsuites>