<?xml version="1.0" encoding="utf-8"?><testsuites name="pytest tests"><testsuite name="pytest" errors="0" failures="0" skipped="0" tests="15" time="19.149" timestamp="2026-03-05T23:41:11.340260+00:00" hostname="agent-env-5361895e-2486-498c-a5f8-aacd8aa8bdd1"><testcase classname="backend.tests.test_coach_parent.TestCoachFeature" name="test_01_create_coach_group" time="0.968" /><testcase classname="backend.tests.test_coach_parent.TestCoachFeature" name="test_02_player_joins_coach_group" time="1.316" /><testcase classname="backend.tests.test_coach_parent.TestCoachFeature" name="test_03_coach_dashboard_returns_team_stats" time="1.138" /><testcase classname="backend.tests.test_coach_parent.TestCoachFeature" name="test_04_coach_view_player_details" time="1.253" /><testcase classname="backend.tests.test_coach_parent.TestCoachFeature" name="test_05_non_coach_cannot_access_dashboard" time="1.185" /><testcase classname="backend.tests.test_coach_parent.TestCoachFeature" name="test_06_non_coach_cannot_view_player_details" time="1.137" /><testcase classname="backend.tests.test_coach_parent.TestParentFeature" name="test_01_student_invites_parent" time="1.065" /><testcase classname="backend.tests.test_coach_parent.TestParentFeature" name="test_02_student_views_linked_parents" time="1.201" /><testcase classname="backend.tests.test_coach_parent.TestParentFeature" name="test_03_parent_accepts_invite" time="1.636" /><testcase classname="backend.tests.test_coach_parent.TestParentFeature" name="test_04_parent_views_linked_students" time="1.425" /><testcase classname="backend.tests.test_coach_parent.TestParentFeature" name="test_05_parent_views_student_dashboard" time="1.267" /><testcase classname="backend.tests.test_coach_parent.TestParentFeature" name="test_06_max_parents_limit_enforced" time="2.288" /><testcase classname="backend.tests.test_coach_parent.TestParentFeature" name="test_07_unlink_parent" time="1.298" /><testcase classname="backend.tests.test_coach_parent.TestParentFeature" name="test_08_invalid_invite_code_rejected" time="1.409" /><testcase classname="backend.tests.test_coach_parent.TestCoachGroupCreation" name="test_create_regular_group_no_coach_id" time="0.475" /></testsuite></testsuites>