<?xml version="1.0" encoding="utf-8"?><testsuites name="pytest tests"><testsuite name="pytest" errors="0" failures="1" skipped="0" tests="41" time="14.690" timestamp="2026-03-06T01:57:50.204310+00:00" hostname="agent-env-d41b9dfb-75b4-4122-a0a9-6ae88fd19ed6"><testcase classname="tests.test_backend_refactoring.TestHealthEndpoints" name="test_api_health_check" time="0.332" /><testcase classname="tests.test_backend_refactoring.TestHealthEndpoints" name="test_root_health_check" time="0.175"><failure message="requests.exceptions.JSONDecodeError: Expecting value: line 1 column 1 (char 0)">/root/.venv/lib/python3.11/site-packages/requests/models.py:976: in json
    return complexjson.loads(self.text, **kwargs)
           ^^^^^^^^^^^^^^^^^^^^^^^^^^^^^^^^^^^^^^
/usr/local/lib/python3.11/json/__init__.py:346: in loads
    return _default_decoder.decode(s)
           ^^^^^^^^^^^^^^^^^^^^^^^^^^
/usr/local/lib/python3.11/json/decoder.py:337: in decode
    obj, end = self.raw_decode(s, idx=_w(s, 0).end())
               ^^^^^^^^^^^^^^^^^^^^^^^^^^^^^^^^^^^^^^
/usr/local/lib/python3.11/json/decoder.py:355: in raw_decode
    raise JSONDecodeError("Expecting value", s, err.value) from None
E   json.decoder.JSONDecodeError: Expecting value: line 1 column 1 (char 0)

During handling of the above exception, another exception occurred:
tests/test_backend_refactoring.py:42: in test_root_health_check
    data = response.json()
           ^^^^^^^^^^^^^^^
/root/.venv/lib/python3.11/site-packages/requests/models.py:980: in json
    raise RequestsJSONDecodeError(e.msg, e.doc, e.pos)
E   requests.exceptions.JSONDecodeError: Expecting value: line 1 column 1 (char 0)</failure></testcase><testcase classname="tests.test_backend_refactoring.TestHealthEndpoints" name="test_scheduler_status" time="0.153" /><testcase classname="tests.test_backend_refactoring.TestAuthRoutes" name="test_register_duplicate_email" time="0.512" /><testcase classname="tests.test_backend_refactoring.TestAuthRoutes" name="test_login_success" time="0.390" /><testcase classname="tests.test_backend_refactoring.TestAuthRoutes" name="test_login_invalid_credentials" time="0.133" /><testcase classname="tests.test_backend_refactoring.TestAuthRoutes" name="test_forgot_password" time="0.153" /><testcase classname="tests.test_backend_refactoring.TestCoachAuthRoutes" name="test_coach_login" time="1.008" /><testcase classname="tests.test_backend_refactoring.TestCoachAuthRoutes" name="test_get_team_info" time="0.125" /><testcase classname="tests.test_backend_refactoring.TestUserRoutes" name="test_get_me" time="0.513" /><testcase classname="tests.test_backend_refactoring.TestUserRoutes" name="test_get_pillars_empty" time="0.128" /><testcase classname="tests.test_backend_refactoring.TestUserRoutes" name="test_leaderboard_opt_in_toggle" time="0.250" /><testcase classname="tests.test_backend_refactoring.TestOnboardingRoutes" name="test_get_available_pillars" time="0.117" /><testcase classname="tests.test_backend_refactoring.TestOnboardingRoutes" name="test_onboarding_complete" time="0.621" /><testcase classname="tests.test_backend_refactoring.TestSessionRoutes" name="test_complete_session" time="0.706" /><testcase classname="tests.test_backend_refactoring.TestSessionRoutes" name="test_get_today_sessions" time="0.178" /><testcase classname="tests.test_backend_refactoring.TestSessionRoutes" name="test_get_session_history" time="0.157" /><testcase classname="tests.test_backend_refactoring.TestStatsRoutes" name="test_get_weekly_stats" time="0.820" /><testcase classname="tests.test_backend_refactoring.TestStatsRoutes" name="test_get_daily_comparison" time="0.112" /><testcase classname="tests.test_backend_refactoring.TestStatsRoutes" name="test_get_performance_history" time="0.180" /><testcase classname="tests.test_backend_refactoring.TestStatsRoutes" name="test_get_weekly_review" time="0.159" /><testcase classname="tests.test_backend_refactoring.TestChallengesRoutes" name="test_get_challenges" time="0.628" /><testcase classname="tests.test_backend_refactoring.TestChallengesRoutes" name="test_get_challenges_filtered" time="0.139" /><testcase classname="tests.test_backend_refactoring.TestChallengesRoutes" name="test_join_challenge" time="0.314" /><testcase classname="tests.test_backend_refactoring.TestChallengesRoutes" name="test_get_my_challenges" time="0.121" /><testcase classname="tests.test_backend_refactoring.TestGroupsRoutes" name="test_get_user_groups" time="0.811" /><testcase classname="tests.test_backend_refactoring.TestGroupsRoutes" name="test_create_group" time="0.124" /><testcase classname="tests.test_backend_refactoring.TestGroupsRoutes" name="test_join_group_invalid_code" time="0.115" /><testcase classname="tests.test_backend_refactoring.TestLeaderboardRoutes" name="test_get_global_leaderboard" time="0.131" /><testcase classname="tests.test_backend_refactoring.TestLeaderboardRoutes" name="test_get_leaderboard_by_age_group" time="0.123" /><testcase classname="tests.test_backend_refactoring.TestCoachRoutes" name="test_get_coach_dashboard" time="0.489" /><testcase classname="tests.test_backend_refactoring.TestCoachRoutes" name="test_coach_dashboard_requires_coach" time="0.478" /><testcase classname="tests.test_backend_refactoring.TestParentRoutes" name="test_invite_parent" time="0.801" /><testcase classname="tests.test_backend_refactoring.TestParentRoutes" name="test_get_linked_parents" time="0.153" /><testcase classname="tests.test_backend_refactoring.TestBadgesRoutes" name="test_get_all_badges" time="0.139" /><testcase classname="tests.test_backend_refactoring.TestBadgesRoutes" name="test_get_user_badges" time="0.622" /><testcase classname="tests.test_backend_refactoring.TestBadgesRoutes" name="test_get_badge_progress" time="0.114" /><testcase classname="tests.test_backend_refactoring.TestNotificationRoutes" name="test_get_notification_settings" time="0.490" /><testcase classname="tests.test_backend_refactoring.TestNotificationRoutes" name="test_update_notification_settings" time="0.124" /><testcase classname="tests.test_backend_refactoring.TestReferralRoutes" name="test_get_referral_info" time="0.460" /><testcase classname="tests.test_backend_refactoring.TestPaymentRoutes" name="test_create_checkout_session" time="1.113" /></testsuite></testsuites>