<?xml version="1.0" encoding="utf-8"?><testsuites name="pytest tests"><testsuite name="pytest" errors="0" failures="0" skipped="0" tests="32" time="22.375" timestamp="2026-04-02T20:03:04.450596+00:00" hostname="agent-env-abeadc23-0c37-4008-afea-7fd9e7d7485f"><testcase classname="backend.tests.test_shop.TestShopPublicEndpoints" name="test_get_shop_categories" time="0.253" /><testcase classname="backend.tests.test_shop.TestShopPublicEndpoints" name="test_get_shop_items" time="0.161" /><testcase classname="backend.tests.test_shop.TestShopPublicEndpoints" name="test_get_shop_items_filter_by_category" time="0.129" /><testcase classname="backend.tests.test_shop.TestShopPublicEndpoints" name="test_get_shop_items_filter_badges" time="0.169" /><testcase classname="backend.tests.test_shop.TestShopPublicEndpoints" name="test_get_shop_items_filter_streak_shields" time="0.127" /><testcase classname="backend.tests.test_shop.TestShopPublicEndpoints" name="test_get_featured_items" time="0.131" /><testcase classname="backend.tests.test_shop.TestShopPublicEndpoints" name="test_get_single_shop_item" time="0.273" /><testcase classname="backend.tests.test_shop.TestShopPublicEndpoints" name="test_get_nonexistent_item" time="0.109" /><testcase classname="backend.tests.test_shop.TestShopAuthenticatedEndpoints" name="test_get_user_inventory" time="0.836" /><testcase classname="backend.tests.test_shop.TestShopAuthenticatedEndpoints" name="test_get_inventory_requires_auth" time="0.821" /><testcase classname="backend.tests.test_shop.TestShopAuthenticatedEndpoints" name="test_get_equipped_items" time="0.794" /><testcase classname="backend.tests.test_shop.TestShopAuthenticatedEndpoints" name="test_get_coin_history" time="0.794" /><testcase classname="backend.tests.test_shop.TestShopAuthenticatedEndpoints" name="test_coin_history_requires_auth" time="0.822" /><testcase classname="backend.tests.test_shop.TestShopAuthenticatedEndpoints" name="test_purchase_not_enough_coins" time="0.956" /><testcase classname="backend.tests.test_shop.TestShopAuthenticatedEndpoints" name="test_purchase_nonexistent_item" time="0.812" /><testcase classname="backend.tests.test_shop.TestShopAuthenticatedEndpoints" name="test_purchase_requires_auth" time="0.854" /><testcase classname="backend.tests.test_shop.TestShopAuthenticatedEndpoints" name="test_equip_requires_auth" time="0.777" /><testcase classname="backend.tests.test_shop.TestShopAuthenticatedEndpoints" name="test_unequip_requires_auth" time="0.815" /><testcase classname="backend.tests.test_shop.TestShopAuthenticatedEndpoints" name="test_equip_nonexistent_item" time="0.810" /><testcase classname="backend.tests.test_shop.TestShopAuthenticatedEndpoints" name="test_unequip_nonexistent_item" time="0.830" /><testcase classname="backend.tests.test_shop.TestShopAuthenticatedEndpoints" name="test_use_shield_no_shields" time="0.771" /><testcase classname="backend.tests.test_shop.TestShopAuthenticatedEndpoints" name="test_use_shield_requires_auth" time="1.327" /><testcase classname="backend.tests.test_shop.TestShopAdminEndpoints" name="test_admin_create_shop_item" time="0.912" /><testcase classname="backend.tests.test_shop.TestShopAdminEndpoints" name="test_admin_create_item_invalid_category" time="0.789" /><testcase classname="backend.tests.test_shop.TestShopAdminEndpoints" name="test_admin_create_item_requires_admin" time="0.904" /><testcase classname="backend.tests.test_shop.TestShopAdminEndpoints" name="test_admin_update_shop_item" time="1.052" /><testcase classname="backend.tests.test_shop.TestShopAdminEndpoints" name="test_admin_delete_shop_item" time="1.032" /><testcase classname="backend.tests.test_shop.TestShopAdminEndpoints" name="test_admin_delete_nonexistent_item" time="0.816" /><testcase classname="backend.tests.test_shop.TestShopAdminEndpoints" name="test_admin_get_shop_stats" time="0.840" /><testcase classname="backend.tests.test_shop.TestShopAdminEndpoints" name="test_admin_stats_requires_admin" time="1.168" /><testcase classname="backend.tests.test_shop.TestShopPurchaseFlow" name="test_purchase_flow_with_sufficient_coins" time="0.700" /><testcase classname="backend.tests.test_shop.TestShopPurchaseFlow" name="test_cannot_purchase_same_item_twice" time="0.661" /></testsuite></testsuites>