<?xml version="1.0" encoding="utf-8"?><testsuites name="pytest tests"><testsuite name="pytest" errors="0" failures="0" skipped="0" tests="17" time="2.666" timestamp="2026-03-29T13:48:33.368081+00:00" hostname="agent-env-33b65597-7018-4513-a743-a72cd15790f3"><testcase classname="tests.test_morning_friend_challenges.TestMorningReminders" name="test_get_notification_settings_returns_morning_reminders" time="0.509" /><testcase classname="tests.test_morning_friend_challenges.TestMorningReminders" name="test_enable_morning_reminders" time="0.113" /><testcase classname="tests.test_morning_friend_challenges.TestMorningReminders" name="test_disable_morning_reminders" time="0.107" /><testcase classname="tests.test_morning_friend_challenges.TestMorningReminders" name="test_notification_settings_requires_auth" time="0.116" /><testcase classname="tests.test_morning_friend_challenges.TestFriendChallengesCreate" name="test_create_friend_challenge_success" time="0.085" /><testcase classname="tests.test_morning_friend_challenges.TestFriendChallengesCreate" name="test_create_challenge_user_not_found" time="0.054" /><testcase classname="tests.test_morning_friend_challenges.TestFriendChallengesCreate" name="test_create_challenge_cannot_challenge_self" time="0.054" /><testcase classname="tests.test_morning_friend_challenges.TestFriendChallengesPending" name="test_get_pending_challenges" time="0.057" /><testcase classname="tests.test_morning_friend_challenges.TestFriendChallengesPending" name="test_pending_challenges_requires_auth" time="0.053" /><testcase classname="tests.test_morning_friend_challenges.TestFriendChallengesActive" name="test_get_active_challenges" time="0.058" /><testcase classname="tests.test_morning_friend_challenges.TestFriendChallengesActive" name="test_active_challenges_requires_auth" time="0.052" /><testcase classname="tests.test_morning_friend_challenges.TestFriendChallengesRespond" name="test_respond_to_challenge_invalid_id" time="0.054" /><testcase classname="tests.test_morning_friend_challenges.TestFriendChallengesRespond" name="test_respond_invalid_action" time="0.056" /><testcase classname="tests.test_morning_friend_challenges.TestFriendChallengesRespond" name="test_respond_requires_auth" time="0.057" /><testcase classname="tests.test_morning_friend_challenges.TestFriendChallengesHistory" name="test_get_challenge_history" time="0.052" /><testcase classname="tests.test_morning_friend_challenges.TestFriendChallengesHistory" name="test_history_requires_auth" time="0.048" /><testcase classname="tests.test_morning_friend_challenges.TestFriendChallengeIntegration" name="test_full_challenge_flow" time="1.065" /></testsuite></testsuites>