<?xml version="1.0" encoding="utf-8"?><testsuites name="pytest tests"><testsuite name="pytest" errors="0" failures="0" skipped="1" tests="12" time="5.097" timestamp="2026-04-04T20:49:07.218632+00:00" hostname="agent-env-4d6d9866-fbbf-4139-a816-8c4986090974"><testcase classname="backend.tests.test_referral_qualification.TestReferralApplyCode" name="test_check_referral_code_valid" time="0.819" /><testcase classname="backend.tests.test_referral_qualification.TestReferralApplyCode" name="test_check_invalid_referral_code" time="0.108" /><testcase classname="backend.tests.test_referral_qualification.TestReferralInfoEndpoint" name="test_referral_info_has_pending_referrals_field" time="0.552" /><testcase classname="backend.tests.test_referral_qualification.TestReferralInfoEndpoint" name="test_referral_info_has_total_referrals_field" time="0.432" /><testcase classname="backend.tests.test_referral_qualification.TestReferralInfoEndpoint" name="test_referral_info_has_min_sessions_required" time="0.427" /><testcase classname="backend.tests.test_referral_qualification.TestReferralInfoEndpoint" name="test_referral_info_referrals_list_has_status" time="0.456" /><testcase classname="backend.tests.test_referral_qualification.TestReferralMyCodeEndpoint" name="test_my_code_returns_referral_count" time="0.421" /><testcase classname="backend.tests.test_referral_qualification.TestReferralMyCodeEndpoint" name="test_my_code_returns_milestones_with_progress" time="0.425" /><testcase classname="backend.tests.test_referral_qualification.TestReferralMyReferralsEndpoint" name="test_my_referrals_endpoint" time="0.415" /><testcase classname="backend.tests.test_referral_qualification.TestReferralQualificationLogic" name="test_session_complete_returns_referral_qualified_field" time="0.426"><skipped type="pytest.skip" message="Could not get user pillars">/app/backend/tests/test_referral_qualification.py:254: Could not get user pillars</skipped></testcase><testcase classname="backend.tests.test_referral_qualification.TestReferralLeaderboard" name="test_referral_leaderboard_endpoint" time="0.095" /><testcase classname="backend.tests.test_referral_qualification.TestReferralExclusiveItems" name="test_exclusive_items_endpoint" time="0.455" /></testsuite></testsuites>