<?xml version="1.0" encoding="utf-8"?><testsuites name="pytest tests"><testsuite name="pytest" errors="0" failures="2" skipped="0" tests="16" time="6.488" timestamp="2026-03-05T14:24:13.184328+00:00" hostname="agent-env-5361895e-2486-498c-a5f8-aacd8aa8bdd1"><testcase classname="backend.tests.test_timezone_stats.TestTimezoneStatsComparison" name="test_comparison_without_local_date" time="0.915" /><testcase classname="backend.tests.test_timezone_stats.TestTimezoneStatsComparison" name="test_comparison_with_local_date" time="0.183" /><testcase classname="backend.tests.test_timezone_stats.TestTimezoneStatsComparison" name="test_log_session_and_verify_comparison" time="0.419" /><testcase classname="backend.tests.test_timezone_stats.TestTimezoneStatsComparison" name="test_comparison_with_specific_date" time="0.122" /><testcase classname="backend.tests.test_timezone_stats.TestTimezoneStatsWeekly" name="test_weekly_stats_without_local_date" time="0.587" /><testcase classname="backend.tests.test_timezone_stats.TestTimezoneStatsWeekly" name="test_weekly_stats_with_local_date" time="0.127" /><testcase classname="backend.tests.test_timezone_stats.TestTimezoneStatsWeekly" name="test_log_session_and_verify_weekly_stats" time="0.341" /><testcase classname="backend.tests.test_timezone_stats.TestTimezoneStatsWeeklyReview" name="test_weekly_review_without_local_date" time="0.548" /><testcase classname="backend.tests.test_timezone_stats.TestTimezoneStatsWeeklyReview" name="test_weekly_review_with_local_date" time="0.113" /><testcase classname="backend.tests.test_timezone_stats.TestTimezoneStatsHistory" name="test_history_without_local_date" time="0.597" /><testcase classname="backend.tests.test_timezone_stats.TestTimezoneStatsHistory" name="test_history_with_local_date" time="0.143"><failure message="assert 500 == 200&#10; +  where 500 = &lt;Response [500]&gt;.status_code">backend/tests/test_timezone_stats.py:409: in test_history_with_local_date
    assert response.status_code == 200
E   assert 500 == 200
E    +  where 500 = &lt;Response [500]&gt;.status_code</failure></testcase><testcase classname="backend.tests.test_timezone_stats.TestTimezoneStatsHistory" name="test_history_with_different_days" time="0.131"><failure message="assert 500 == 200&#10; +  where 500 = &lt;Response [500]&gt;.status_code">backend/tests/test_timezone_stats.py:431: in test_history_with_different_days
    assert response.status_code == 200
E   assert 500 == 200
E    +  where 500 = &lt;Response [500]&gt;.status_code</failure></testcase><testcase classname="backend.tests.test_timezone_stats.TestTodaySessionsWithLocalDate" name="test_today_sessions_without_local_date" time="0.641" /><testcase classname="backend.tests.test_timezone_stats.TestTodaySessionsWithLocalDate" name="test_today_sessions_with_local_date" time="0.106" /><testcase classname="backend.tests.test_timezone_stats.TestTodaySessionsWithLocalDate" name="test_log_and_verify_today_sessions" time="0.382" /><testcase classname="backend.tests.test_timezone_stats.TestEndToEndTimezoneFlow" name="test_full_flow_with_timezone_handling" time="1.017" /></testsuite></testsuites>