<?xml version="1.0" encoding="utf-8"?><testsuites name="pytest tests"><testsuite name="pytest" errors="0" failures="0" skipped="0" tests="24" time="10.668" timestamp="2026-04-02T20:16:48.759730+00:00" hostname="agent-env-abeadc23-0c37-4008-afea-7fd9e7d7485f"><testcase classname="backend.tests.test_quests.TestQuestsAPI" name="test_get_daily_quests_requires_auth" time="0.483" /><testcase classname="backend.tests.test_quests.TestQuestsAPI" name="test_get_daily_quests_success" time="0.388" /><testcase classname="backend.tests.test_quests.TestQuestsAPI" name="test_daily_quests_have_correct_ids" time="0.393" /><testcase classname="backend.tests.test_quests.TestQuestsAPI" name="test_daily_quests_difficulty_colors" time="0.429" /><testcase classname="backend.tests.test_quests.TestQuestsAPI" name="test_get_weekly_quests_requires_auth" time="0.434" /><testcase classname="backend.tests.test_quests.TestQuestsAPI" name="test_get_weekly_quests_success" time="0.430" /><testcase classname="backend.tests.test_quests.TestQuestsAPI" name="test_weekly_quests_have_correct_ids" time="0.457" /><testcase classname="backend.tests.test_quests.TestQuestsAPI" name="test_get_all_quests_requires_auth" time="0.496" /><testcase classname="backend.tests.test_quests.TestQuestsAPI" name="test_get_all_quests_success" time="0.382" /><testcase classname="backend.tests.test_quests.TestQuestsAPI" name="test_claim_quest_not_found" time="0.416" /><testcase classname="backend.tests.test_quests.TestQuestsAPI" name="test_claim_quest_not_completed" time="0.414" /><testcase classname="backend.tests.test_quests.TestQuestsAPI" name="test_claim_quest_requires_auth" time="0.508" /><testcase classname="backend.tests.test_quests.TestQuestsAPI" name="test_claim_all_invalid_type" time="0.515" /><testcase classname="backend.tests.test_quests.TestQuestsAPI" name="test_claim_all_daily_requires_auth" time="0.506" /><testcase classname="backend.tests.test_quests.TestQuestsAPI" name="test_claim_all_weekly_requires_auth" time="0.442" /><testcase classname="backend.tests.test_quests.TestQuestsAPI" name="test_claim_all_daily_no_rewards" time="0.379" /><testcase classname="backend.tests.test_quests.TestQuestsAPI" name="test_claim_all_weekly_no_rewards" time="0.376" /><testcase classname="backend.tests.test_quests.TestQuestsAPI" name="test_quest_progress_values_are_valid" time="0.406" /><testcase classname="backend.tests.test_quests.TestQuestsAPI" name="test_quest_rewards_are_reasonable" time="0.398" /><testcase classname="backend.tests.test_quests.TestQuestProgressTracking" name="test_daily_login_tracks_quest_progress" time="0.469" /><testcase classname="backend.tests.test_quests.TestQuestProgressTracking" name="test_session_logging_tracks_quest_progress" time="0.537" /><testcase classname="backend.tests.test_quests.TestQuestDataIntegrity" name="test_daily_and_weekly_quests_are_consistent" time="0.506" /><testcase classname="backend.tests.test_quests.TestQuestDataIntegrity" name="test_quest_completion_state_is_consistent" time="0.415" /><testcase classname="backend.tests.test_quests.TestQuestDataIntegrity" name="test_quest_targets_are_positive" time="0.390" /></testsuite></testsuites>